<?xml version="1.0" encoding="utf-8"?><testsuites><testsuite name="pytest" errors="3" failures="0" skipped="0" tests="3" time="0.820" timestamp="2026-05-26T11:00:38.296687" hostname="DESKTOP-9QMV1N5"><testcase classname="" name="tests.unit.friends.test_friends_crud" time="0.000"><error message="collection failure">ImportError while importing test module 'C:\Users\davi2\Documents\projeto isaac\professor-simulator-clicker\tests\unit\friends\test_friends_crud.py'.
Hint: make sure your test modules/packages have valid Python names.
Traceback:
..\..\..\AppData\Local\Programs\Python\Python311\Lib\importlib\__init__.py:126: in import_module
    return _bootstrap._gcd_import(name[level:], package, level)
tests\unit\friends\test_friends_crud.py:13: in &lt;module&gt;
    from app.schemas import AdicionarAmigoRequest, AtualizarFavoritoRequest
E   ImportError: cannot import name 'AdicionarAmigoRequest' from 'app.schemas' (C:\Users\davi2\Documents\projeto isaac\professor-simulator-clicker\app\schemas.py)</error></testcase><testcase classname="" name="tests.unit.pokemon.test_pokemon_crud" time="0.000"><error message="collection failure">ImportError while importing test module 'C:\Users\davi2\Documents\projeto isaac\professor-simulator-clicker\tests\unit\pokemon\test_pokemon_crud.py'.
Hint: make sure your test modules/packages have valid Python names.
Traceback:
..\..\..\AppData\Local\Programs\Python\Python311\Lib\importlib\__init__.py:126: in import_module
    return _bootstrap._gcd_import(name[level:], package, level)
tests\unit\pokemon\test_pokemon_crud.py:15: in &lt;module&gt;
    from app.schemas import (
E   ImportError: cannot import name 'PokemonTimeCreate' from 'app.schemas' (C:\Users\davi2\Documents\projeto isaac\professor-simulator-clicker\app\schemas.py)</error></testcase><testcase classname="" name="tests.unit.tournament.test_tournament_crud" time="0.000"><error message="collection failure">ImportError while importing test module 'C:\Users\davi2\Documents\projeto isaac\professor-simulator-clicker\tests\unit\tournament\test_tournament_crud.py'.
Hint: make sure your test modules/packages have valid Python names.
Traceback:
..\..\..\AppData\Local\Programs\Python\Python311\Lib\importlib\__init__.py:126: in import_module
    return _bootstrap._gcd_import(name[level:], package, level)
tests\unit\tournament\test_tournament_crud.py:13: in &lt;module&gt;
    from app.schemas import TorneioCreate, TorneioResponse
E   ImportError: cannot import name 'TorneioResponse' from 'app.schemas' (C:\Users\davi2\Documents\projeto isaac\professor-simulator-clicker\app\schemas.py)</error></testcase></testsuite></testsuites>